<?xml version="1.0" encoding="UTF-8"?>
<!-- Generated by org.testng.reporters.JUnitXMLReporter -->
<testsuite ignored="0" hostname="LTIN332802" failures="0" tests="6" name="Default test" time="27.968" errors="0" timestamp="2022-02-24T18:25:43 IST">
  <testcase classname="MINI.PROJECT.GoogleProject" name="printurl" time="0.864"/>
  <testcase classname="MINI.PROJECT.GoogleProject" name="searchoptionsdisplayed" time="1.213"/>
  <testcase classname="MINI.PROJECT.GoogleProject" name="screenshotoftheoptionsdisplayed" time="0.104"/>
  <testcase classname="MINI.PROJECT.GoogleProject" name="enter" time="2.436"/>
  <testcase classname="MINI.PROJECT.GoogleProject" name="numberofsearchresults" time="0.035"/>
  <testcase classname="MINI.PROJECT.GoogleProject" name="fullpagescreenshotofsearchresultspage" time="8.627"/>
</testsuite> <!-- Default test -->
